#
# There is insufficient memory for the Java Runtime Environment to continue.
# Native memory allocation (malloc) failed to allocate 32744 bytes for ChunkPool::allocate
# Possible reasons:
#   The system is out of physical RAM or swap space
#   The process is running with CompressedOops enabled, and the Java Heap may be blocking the growth of the native heap
# Possible solutions:
#   Reduce memory load on the system
#   Increase physical memory or swap space
#   Check if swap backing store is full
#   Decrease Java heap size (-Xmx/-Xms)
#   Decrease number of Java threads
#   Decrease Java thread stack sizes (-Xss)
#   Set larger code cache with -XX:ReservedCodeCacheSize=
#   JVM is running with Unscaled Compressed Oops mode in which the Java heap is
#     placed in the first 4GB address space. The Java Heap base address is the
#     maximum limit for the native heap growth. Please use -XX:HeapBaseMinAddress
#     to set the Java Heap base and to place the Java Heap above 4GB virtual address.
# This output file may be truncated or incomplete.
#
#  Out of Memory Error (arena.cpp:78), pid=2684, tid=15900
#
# JRE version: OpenJDK Runtime Environment Temurin-17.0.6+10 (17.0.6+10) (build 17.0.6+10)
# Java VM: OpenJDK 64-Bit Server VM Temurin-17.0.6+10 (17.0.6+10, mixed mode, tiered, compressed oops, compressed class ptrs, g1 gc, windows-amd64)
# No core dump will be written. Minidumps are not enabled by default on client versions of Windows
#

---------------  S U M M A R Y ------------

Command Line: -Dfile.encoding=UTF-8 -XX:+ShowCodeDetailsInExceptionMessages assignment.Calender

Host: Intel(R) Core(TM) i3-8100 CPU @ 3.60GHz, 4 cores, 7G,  Windows 10 , 64 bit Build 19041 (10.0.19041.2546)
Time: Mon Apr  3 12:20:55 2023 India Standard Time elapsed time: 0.305434 seconds (0d 0h 0m 0s)

---------------  T H R E A D  ---------------

Current thread (0x000001bd7f428a60):  JavaThread "C1 CompilerThread0" daemon [_thread_in_native, id=15900, stack(0x00000040d1a00000,0x00000040d1b00000)]


Current CompileTask:
C1:    305  350       3       java.net.URLStreamHandler::parseURL (1201 bytes)

Stack: [0x00000040d1a00000,0x00000040d1b00000]
Native frames: (J=compiled Java code, j=interpreted, Vv=VM code, C=native code)
V  [jvm.dll+0x67741a]
V  [jvm.dll+0x834434]
V  [jvm.dll+0x835bde]
V  [jvm.dll+0x836243]
V  [jvm.dll+0x2457b5]
V  [jvm.dll+0xabd1c]
V  [jvm.dll+0xac0cc]
V  [jvm.dll+0x17e466]
V  [jvm.dll+0x17e9b0]
V  [jvm.dll+0x17e840]
V  [jvm.dll+0x176d4f]
V  [jvm.dll+0x175d26]
V  [jvm.dll+0x17f46b]
V  [jvm.dll+0x176f28]
V  [jvm.dll+0x17a61f]
V  [jvm.dll+0x134d93]
V  [jvm.dll+0x13468f]
V  [jvm.dll+0x1348c6]
V  [jvm.dll+0x133d5a]
V  [jvm.dll+0x135a21]
V  [jvm.dll+0x22742a]
V  [jvm.dll+0x225565]
V  [jvm.dll+0x7ea2cb]
V  [jvm.dll+0x7e483a]
V  [jvm.dll+0x6762c5]
C  [ucrtbase.dll+0x21bb2]
C  [KERNEL32.DLL+0x17614]
C  [ntdll.dll+0x526a1]


---------------  P R O C E S S  ---------------

Threads class SMR info:
_java_thread_list=0x000001bd7e899ba0, length=13, elements={
0x000001bd7d6cba80, 0x000001bd7e854900, 0x000001bd7e8559f0, 0x000001bd7e8a0040,
0x000001bd7e8a1a00, 0x000001bd7e8a2b50, 0x000001bd7e8a3500, 0x000001bd7f41a330,
0x000001bd7f428a60, 0x000001bd7e8ac360, 0x000001bd7f5800a0, 0x000001bd7f58adc0,
0x000001bd7d6cc840
}

Java Threads: ( => current thread )
  0x000001bd7d6cba80 JavaThread "main" [_thread_in_native, id=16480, stack(0x00000040d0c00000,0x00000040d0d00000)]
  0x000001bd7e854900 JavaThread "Reference Handler" daemon [_thread_blocked, id=15960, stack(0x00000040d1300000,0x00000040d1400000)]
  0x000001bd7e8559f0 JavaThread "Finalizer" daemon [_thread_blocked, id=3784, stack(0x00000040d1400000,0x00000040d1500000)]
  0x000001bd7e8a0040 JavaThread "Signal Dispatcher" daemon [_thread_blocked, id=5096, stack(0x00000040d1500000,0x00000040d1600000)]
  0x000001bd7e8a1a00 JavaThread "Attach Listener" daemon [_thread_blocked, id=12200, stack(0x00000040d1600000,0x00000040d1700000)]
  0x000001bd7e8a2b50 JavaThread "Service Thread" daemon [_thread_blocked, id=10004, stack(0x00000040d1700000,0x00000040d1800000)]
  0x000001bd7e8a3500 JavaThread "Monitor Deflation Thread" daemon [_thread_blocked, id=13964, stack(0x00000040d1800000,0x00000040d1900000)]
  0x000001bd7f41a330 JavaThread "C2 CompilerThread0" daemon [_thread_in_native, id=6944, stack(0x00000040d1900000,0x00000040d1a00000)]
=>0x000001bd7f428a60 JavaThread "C1 CompilerThread0" daemon [_thread_in_native, id=15900, stack(0x00000040d1a00000,0x00000040d1b00000)]
  0x000001bd7e8ac360 JavaThread "Sweeper thread" daemon [_thread_blocked, id=1484, stack(0x00000040d1b00000,0x00000040d1c00000)]
  0x000001bd7f5800a0 JavaThread "Notification Thread" daemon [_thread_blocked, id=11268, stack(0x00000040d1c00000,0x00000040d1d00000)]
  0x000001bd7f58adc0 JavaThread "Common-Cleaner" daemon [_thread_blocked, id=16040, stack(0x00000040d1e00000,0x00000040d1f00000)]
  0x000001bd7d6cc840 JavaThread "C2 CompilerThread1" daemon [_thread_in_native, id=13756, stack(0x00000040d1f00000,0x00000040d2000000)]

Other Threads:
  0x000001bd7e87ca30 VMThread "VM Thread" [stack: 0x00000040d1200000,0x00000040d1300000] [id=11968]
  0x000001bd7d73e900 WatcherThread [stack: 0x00000040d1d00000,0x00000040d1e00000] [id=16276]
  0x000001bd7d725b70 GCTaskThread "GC Thread#0" [stack: 0x00000040d0d00000,0x00000040d0e00000] [id=9908]
  0x000001bd7d736670 ConcurrentGCThread "G1 Main Marker" [stack: 0x00000040d0e00000,0x00000040d0f00000] [id=7964]
  0x000001bd7d737080 ConcurrentGCThread "G1 Conc#0" [stack: 0x00000040d0f00000,0x00000040d1000000] [id=4996]
  0x000001bd7d79dd60 ConcurrentGCThread "G1 Refine#0" [stack: 0x00000040d1000000,0x00000040d1100000] [id=12636]
  0x000001bd7d79e780 ConcurrentGCThread "G1 Service" [stack: 0x00000040d1100000,0x00000040d1200000] [id=8020]

Threads with active compile tasks:
C2 CompilerThread0      344  361       4       java.lang.String::startsWith (138 bytes)
C1 CompilerThread0      344  350       3       java.net.URLStreamHandler::parseURL (1201 bytes)
C2 CompilerThread1      344  360       4       java.lang.StringLatin1::replace (198 bytes)

VM state: not at safepoint (normal execution)

VM Mutex/Monitor currently owned by a thread: None

Heap address: 0x0000000082200000, size: 2014 MB, Compressed Oops mode: 32-bit

CDS archive(s) not mapped
Compressed class space mapped at: 0x0000000100000000-0x0000000140000000, reserved size: 1073741824
Narrow klass base: 0x0000000000000000, Narrow klass shift: 3, Narrow klass range: 0x140000000

GC Precious Log:
 CPUs: 4 total, 4 available
 Memory: 8053M
 Large Page Support: Disabled
 NUMA Support: Disabled
 Compressed Oops: Enabled (32-bit)
 Heap Region Size: 1M
 Heap Min Capacity: 8M
 Heap Initial Capacity: 126M
 Heap Max Capacity: 2014M
 Pre-touch: Disabled
 Parallel Workers: 4
 Concurrent Workers: 1
 Concurrent Refinement Workers: 4
 Periodic GC: Disabled

Heap:
 garbage-first heap   total 129024K, used 6144K [0x0000000082200000, 0x0000000100000000)
  region size 1024K, 5 young (5120K), 0 survivors (0K)
 Metaspace       used 8949K, committed 9088K, reserved 1064960K
  class space    used 838K, committed 896K, reserved 1048576K

Heap Regions: E=young(eden), S=young(survivor), O=old, HS=humongous(starts), HC=humongous(continues), CS=collection set, F=free, OA=open archive, CA=closed archive, TAMS=top-at-mark-start (previous, next)
|   0|0x0000000082200000, 0x0000000082300000, 0x0000000082300000|100%|HS|  |TAMS 0x0000000082200000, 0x0000000082200000| Complete 
|   1|0x0000000082300000, 0x0000000082400000, 0x0000000082400000|100%|HC|  |TAMS 0x0000000082300000, 0x0000000082300000| Complete 
|   2|0x0000000082400000, 0x0000000082400000, 0x0000000082500000|  0%| F|  |TAMS 0x0000000082400000, 0x0000000082400000| Untracked 
|   3|0x0000000082500000, 0x0000000082500000, 0x0000000082600000|  0%| F|  |TAMS 0x0000000082500000, 0x0000000082500000| Untracked 
|   4|0x0000000082600000, 0x0000000082600000, 0x0000000082700000|  0%| F|  |TAMS 0x0000000082600000, 0x0000000082600000| Untracked 
|   5|0x0000000082700000, 0x0000000082700000, 0x0000000082800000|  0%| F|  |TAMS 0x0000000082700000, 0x0000000082700000| Untracked 
|   6|0x0000000082800000, 0x0000000082800000, 0x0000000082900000|  0%| F|  |TAMS 0x0000000082800000, 0x0000000082800000| Untracked 
|   7|0x0000000082900000, 0x0000000082900000, 0x0000000082a00000|  0%| F|  |TAMS 0x0000000082900000, 0x0000000082900000| Untracked 
|   8|0x0000000082a00000, 0x0000000082a00000, 0x0000000082b00000|  0%| F|  |TAMS 0x0000000082a00000, 0x0000000082a00000| Untracked 
|   9|0x0000000082b00000, 0x0000000082b00000, 0x0000000082c00000|  0%| F|  |TAMS 0x0000000082b00000, 0x0000000082b00000| Untracked 
|  10|0x0000000082c00000, 0x0000000082c00000, 0x0000000082d00000|  0%| F|  |TAMS 0x0000000082c00000, 0x0000000082c00000| Untracked 
|  11|0x0000000082d00000, 0x0000000082d00000, 0x0000000082e00000|  0%| F|  |TAMS 0x0000000082d00000, 0x0000000082d00000| Untracked 
|  12|0x0000000082e00000, 0x0000000082e00000, 0x0000000082f00000|  0%| F|  |TAMS 0x0000000082e00000, 0x0000000082e00000| Untracked 
|  13|0x0000000082f00000, 0x0000000082f00000, 0x0000000083000000|  0%| F|  |TAMS 0x0000000082f00000, 0x0000000082f00000| Untracked 
|  14|0x0000000083000000, 0x0000000083000000, 0x0000000083100000|  0%| F|  |TAMS 0x0000000083000000, 0x0000000083000000| Untracked 
|  15|0x0000000083100000, 0x0000000083100000, 0x0000000083200000|  0%| F|  |TAMS 0x0000000083100000, 0x0000000083100000| Untracked 
|  16|0x0000000083200000, 0x0000000083200000, 0x0000000083300000|  0%| F|  |TAMS 0x0000000083200000, 0x0000000083200000| Untracked 
|  17|0x0000000083300000, 0x0000000083300000, 0x0000000083400000|  0%| F|  |TAMS 0x0000000083300000, 0x0000000083300000| Untracked 
|  18|0x0000000083400000, 0x0000000083400000, 0x0000000083500000|  0%| F|  |TAMS 0x0000000083400000, 0x0000000083400000| Untracked 
|  19|0x0000000083500000, 0x0000000083500000, 0x0000000083600000|  0%| F|  |TAMS 0x0000000083500000, 0x0000000083500000| Untracked 
|  20|0x0000000083600000, 0x0000000083600000, 0x0000000083700000|  0%| F|  |TAMS 0x0000000083600000, 0x0000000083600000| Untracked 
|  21|0x0000000083700000, 0x0000000083700000, 0x0000000083800000|  0%| F|  |TAMS 0x0000000083700000, 0x0000000083700000| Untracked 
|  22|0x0000000083800000, 0x0000000083800000, 0x0000000083900000|  0%| F|  |TAMS 0x0000000083800000, 0x0000000083800000| Untracked 
|  23|0x0000000083900000, 0x0000000083900000, 0x0000000083a00000|  0%| F|  |TAMS 0x0000000083900000, 0x0000000083900000| Untracked 
|  24|0x0000000083a00000, 0x0000000083a00000, 0x0000000083b00000|  0%| F|  |TAMS 0x0000000083a00000, 0x0000000083a00000| Untracked 
|  25|0x0000000083b00000, 0x0000000083b00000, 0x0000000083c00000|  0%| F|  |TAMS 0x0000000083b00000, 0x0000000083b00000| Untracked 
|  26|0x0000000083c00000, 0x0000000083c00000, 0x0000000083d00000|  0%| F|  |TAMS 0x0000000083c00000, 0x0000000083c00000| Untracked 
|  27|0x0000000083d00000, 0x0000000083d00000, 0x0000000083e00000|  0%| F|  |TAMS 0x0000000083d00000, 0x0000000083d00000| Untracked 
|  28|0x0000000083e00000, 0x0000000083e00000, 0x0000000083f00000|  0%| F|  |TAMS 0x0000000083e00000, 0x0000000083e00000| Untracked 
|  29|0x0000000083f00000, 0x0000000083f00000, 0x0000000084000000|  0%| F|  |TAMS 0x0000000083f00000, 0x0000000083f00000| Untracked 
|  30|0x0000000084000000, 0x0000000084000000, 0x0000000084100000|  0%| F|  |TAMS 0x0000000084000000, 0x0000000084000000| Untracked 
|  31|0x0000000084100000, 0x0000000084100000, 0x0000000084200000|  0%| F|  |TAMS 0x0000000084100000, 0x0000000084100000| Untracked 
|  32|0x0000000084200000, 0x0000000084200000, 0x0000000084300000|  0%| F|  |TAMS 0x0000000084200000, 0x0000000084200000| Untracked 
|  33|0x0000000084300000, 0x0000000084300000, 0x0000000084400000|  0%| F|  |TAMS 0x0000000084300000, 0x0000000084300000| Untracked 
|  34|0x0000000084400000, 0x0000000084400000, 0x0000000084500000|  0%| F|  |TAMS 0x0000000084400000, 0x0000000084400000| Untracked 
|  35|0x0000000084500000, 0x0000000084500000, 0x0000000084600000|  0%| F|  |TAMS 0x0000000084500000, 0x0000000084500000| Untracked 
|  36|0x0000000084600000, 0x0000000084600000, 0x0000000084700000|  0%| F|  |TAMS 0x0000000084600000, 0x0000000084600000| Untracked 
|  37|0x0000000084700000, 0x0000000084700000, 0x0000000084800000|  0%| F|  |TAMS 0x0000000084700000, 0x0000000084700000| Untracked 
|  38|0x0000000084800000, 0x0000000084800000, 0x0000000084900000|  0%| F|  |TAMS 0x0000000084800000, 0x0000000084800000| Untracked 
|  39|0x0000000084900000, 0x0000000084900000, 0x0000000084a00000|  0%| F|  |TAMS 0x0000000084900000, 0x0000000084900000| Untracked 
|  40|0x0000000084a00000, 0x0000000084a00000, 0x0000000084b00000|  0%| F|  |TAMS 0x0000000084a00000, 0x0000000084a00000| Untracked 
|  41|0x0000000084b00000, 0x0000000084b00000, 0x0000000084c00000|  0%| F|  |TAMS 0x0000000084b00000, 0x0000000084b00000| Untracked 
|  42|0x0000000084c00000, 0x0000000084c00000, 0x0000000084d00000|  0%| F|  |TAMS 0x0000000084c00000, 0x0000000084c00000| Untracked 
|  43|0x0000000084d00000, 0x0000000084d00000, 0x0000000084e00000|  0%| F|  |TAMS 0x0000000084d00000, 0x0000000084d00000| Untracked 
|  44|0x0000000084e00000, 0x0000000084e00000, 0x0000000084f00000|  0%| F|  |TAMS 0x0000000084e00000, 0x0000000084e00000| Untracked 
|  45|0x0000000084f00000, 0x0000000084f00000, 0x0000000085000000|  0%| F|  |TAMS 0x0000000084f00000, 0x0000000084f00000| Untracked 
|  46|0x0000000085000000, 0x0000000085000000, 0x0000000085100000|  0%| F|  |TAMS 0x0000000085000000, 0x0000000085000000| Untracked 
|  47|0x0000000085100000, 0x0000000085100000, 0x0000000085200000|  0%| F|  |TAMS 0x0000000085100000, 0x0000000085100000| Untracked 
|  48|0x0000000085200000, 0x0000000085200000, 0x0000000085300000|  0%| F|  |TAMS 0x0000000085200000, 0x0000000085200000| Untracked 
|  49|0x0000000085300000, 0x0000000085300000, 0x0000000085400000|  0%| F|  |TAMS 0x0000000085300000, 0x0000000085300000| Untracked 
|  50|0x0000000085400000, 0x0000000085400000, 0x0000000085500000|  0%| F|  |TAMS 0x0000000085400000, 0x0000000085400000| Untracked 
|  51|0x0000000085500000, 0x0000000085500000, 0x0000000085600000|  0%| F|  |TAMS 0x0000000085500000, 0x0000000085500000| Untracked 
|  52|0x0000000085600000, 0x0000000085600000, 0x0000000085700000|  0%| F|  |TAMS 0x0000000085600000, 0x0000000085600000| Untracked 
|  53|0x0000000085700000, 0x0000000085700000, 0x0000000085800000|  0%| F|  |TAMS 0x0000000085700000, 0x0000000085700000| Untracked 
|  54|0x0000000085800000, 0x0000000085800000, 0x0000000085900000|  0%| F|  |TAMS 0x0000000085800000, 0x0000000085800000| Untracked 
|  55|0x0000000085900000, 0x0000000085900000, 0x0000000085a00000|  0%| F|  |TAMS 0x0000000085900000, 0x0000000085900000| Untracked 
|  56|0x0000000085a00000, 0x0000000085a00000, 0x0000000085b00000|  0%| F|  |TAMS 0x0000000085a00000, 0x0000000085a00000| Untracked 
|  57|0x0000000085b00000, 0x0000000085b00000, 0x0000000085c00000|  0%| F|  |TAMS 0x0000000085b00000, 0x0000000085b00000| Untracked 
|  58|0x0000000085c00000, 0x0000000085c00000, 0x0000000085d00000|  0%| F|  |TAMS 0x0000000085c00000, 0x0000000085c00000| Untracked 
|  59|0x0000000085d00000, 0x0000000085d00000, 0x0000000085e00000|  0%| F|  |TAMS 0x0000000085d00000, 0x0000000085d00000| Untracked 
|  60|0x0000000085e00000, 0x0000000085e00000, 0x0000000085f00000|  0%| F|  |TAMS 0x0000000085e00000, 0x0000000085e00000| Untracked 
|  61|0x0000000085f00000, 0x0000000085f00000, 0x0000000086000000|  0%| F|  |TAMS 0x0000000085f00000, 0x0000000085f00000| Untracked 
|  62|0x0000000086000000, 0x0000000086000000, 0x0000000086100000|  0%| F|  |TAMS 0x0000000086000000, 0x0000000086000000| Untracked 
|  63|0x0000000086100000, 0x0000000086100000, 0x0000000086200000|  0%| F|  |TAMS 0x0000000086100000, 0x0000000086100000| Untracked 
|  64|0x0000000086200000, 0x0000000086200000, 0x0000000086300000|  0%| F|  |TAMS 0x0000000086200000, 0x0000000086200000| Untracked 
|  65|0x0000000086300000, 0x0000000086300000, 0x0000000086400000|  0%| F|  |TAMS 0x0000000086300000, 0x0000000086300000| Untracked 
|  66|0x0000000086400000, 0x0000000086400000, 0x0000000086500000|  0%| F|  |TAMS 0x0000000086400000, 0x0000000086400000| Untracked 
|  67|0x0000000086500000, 0x0000000086500000, 0x0000000086600000|  0%| F|  |TAMS 0x0000000086500000, 0x0000000086500000| Untracked 
|  68|0x0000000086600000, 0x0000000086600000, 0x0000000086700000|  0%| F|  |TAMS 0x0000000086600000, 0x0000000086600000| Untracked 
|  69|0x0000000086700000, 0x0000000086700000, 0x0000000086800000|  0%| F|  |TAMS 0x0000000086700000, 0x0000000086700000| Untracked 
|  70|0x0000000086800000, 0x0000000086800000, 0x0000000086900000|  0%| F|  |TAMS 0x0000000086800000, 0x0000000086800000| Untracked 
|  71|0x0000000086900000, 0x0000000086900000, 0x0000000086a00000|  0%| F|  |TAMS 0x0000000086900000, 0x0000000086900000| Untracked 
|  72|0x0000000086a00000, 0x0000000086a00000, 0x0000000086b00000|  0%| F|  |TAMS 0x0000000086a00000, 0x0000000086a00000| Untracked 
|  73|0x0000000086b00000, 0x0000000086b00000, 0x0000000086c00000|  0%| F|  |TAMS 0x0000000086b00000, 0x0000000086b00000| Untracked 
|  74|0x0000000086c00000, 0x0000000086c00000, 0x0000000086d00000|  0%| F|  |TAMS 0x0000000086c00000, 0x0000000086c00000| Untracked 
|  75|0x0000000086d00000, 0x0000000086d00000, 0x0000000086e00000|  0%| F|  |TAMS 0x0000000086d00000, 0x0000000086d00000| Untracked 
|  76|0x0000000086e00000, 0x0000000086e00000, 0x0000000086f00000|  0%| F|  |TAMS 0x0000000086e00000, 0x0000000086e00000| Untracked 
|  77|0x0000000086f00000, 0x0000000086f00000, 0x0000000087000000|  0%| F|  |TAMS 0x0000000086f00000, 0x0000000086f00000| Untracked 
|  78|0x0000000087000000, 0x0000000087000000, 0x0000000087100000|  0%| F|  |TAMS 0x0000000087000000, 0x0000000087000000| Untracked 
|  79|0x0000000087100000, 0x0000000087100000, 0x0000000087200000|  0%| F|  |TAMS 0x0000000087100000, 0x0000000087100000| Untracked 
|  80|0x0000000087200000, 0x0000000087200000, 0x0000000087300000|  0%| F|  |TAMS 0x0000000087200000, 0x0000000087200000| Untracked 
|  81|0x0000000087300000, 0x0000000087300000, 0x0000000087400000|  0%| F|  |TAMS 0x0000000087300000, 0x0000000087300000| Untracked 
|  82|0x0000000087400000, 0x0000000087400000, 0x0000000087500000|  0%| F|  |TAMS 0x0000000087400000, 0x0000000087400000| Untracked 
|  83|0x0000000087500000, 0x0000000087500000, 0x0000000087600000|  0%| F|  |TAMS 0x0000000087500000, 0x0000000087500000| Untracked 
|  84|0x0000000087600000, 0x0000000087600000, 0x0000000087700000|  0%| F|  |TAMS 0x0000000087600000, 0x0000000087600000| Untracked 
|  85|0x0000000087700000, 0x0000000087700000, 0x0000000087800000|  0%| F|  |TAMS 0x0000000087700000, 0x0000000087700000| Untracked 
|  86|0x0000000087800000, 0x0000000087800000, 0x0000000087900000|  0%| F|  |TAMS 0x0000000087800000, 0x0000000087800000| Untracked 
|  87|0x0000000087900000, 0x0000000087900000, 0x0000000087a00000|  0%| F|  |TAMS 0x0000000087900000, 0x0000000087900000| Untracked 
|  88|0x0000000087a00000, 0x0000000087a00000, 0x0000000087b00000|  0%| F|  |TAMS 0x0000000087a00000, 0x0000000087a00000| Untracked 
|  89|0x0000000087b00000, 0x0000000087b00000, 0x0000000087c00000|  0%| F|  |TAMS 0x0000000087b00000, 0x0000000087b00000| Untracked 
|  90|0x0000000087c00000, 0x0000000087c00000, 0x0000000087d00000|  0%| F|  |TAMS 0x0000000087c00000, 0x0000000087c00000| Untracked 
|  91|0x0000000087d00000, 0x0000000087d00000, 0x0000000087e00000|  0%| F|  |TAMS 0x0000000087d00000, 0x0000000087d00000| Untracked 
|  92|0x0000000087e00000, 0x0000000087e00000, 0x0000000087f00000|  0%| F|  |TAMS 0x0000000087e00000, 0x0000000087e00000| Untracked 
|  93|0x0000000087f00000, 0x0000000087f00000, 0x0000000088000000|  0%| F|  |TAMS 0x0000000087f00000, 0x0000000087f00000| Untracked 
|  94|0x0000000088000000, 0x0000000088000000, 0x0000000088100000|  0%| F|  |TAMS 0x0000000088000000, 0x0000000088000000| Untracked 
|  95|0x0000000088100000, 0x0000000088100000, 0x0000000088200000|  0%| F|  |TAMS 0x0000000088100000, 0x0000000088100000| Untracked 
|  96|0x0000000088200000, 0x0000000088200000, 0x0000000088300000|  0%| F|  |TAMS 0x0000000088200000, 0x0000000088200000| Untracked 
|  97|0x0000000088300000, 0x0000000088300000, 0x0000000088400000|  0%| F|  |TAMS 0x0000000088300000, 0x0000000088300000| Untracked 
|  98|0x0000000088400000, 0x0000000088400000, 0x0000000088500000|  0%| F|  |TAMS 0x0000000088400000, 0x0000000088400000| Untracked 
|  99|0x0000000088500000, 0x0000000088500000, 0x0000000088600000|  0%| F|  |TAMS 0x0000000088500000, 0x0000000088500000| Untracked 
| 100|0x0000000088600000, 0x0000000088600000, 0x0000000088700000|  0%| F|  |TAMS 0x0000000088600000, 0x0000000088600000| Untracked 
| 101|0x0000000088700000, 0x0000000088700000, 0x0000000088800000|  0%| F|  |TAMS 0x0000000088700000, 0x0000000088700000| Untracked 
| 102|0x0000000088800000, 0x0000000088800000, 0x0000000088900000|  0%| F|  |TAMS 0x0000000088800000, 0x0000000088800000| Untracked 
| 103|0x0000000088900000, 0x0000000088900000, 0x0000000088a00000|  0%| F|  |TAMS 0x0000000088900000, 0x0000000088900000| Untracked 
| 104|0x0000000088a00000, 0x0000000088a00000, 0x0000000088b00000|  0%| F|  |TAMS 0x0000000088a00000, 0x0000000088a00000| Untracked 
| 105|0x0000000088b00000, 0x0000000088b00000, 0x0000000088c00000|  0%| F|  |TAMS 0x0000000088b00000, 0x0000000088b00000| Untracked 
| 106|0x0000000088c00000, 0x0000000088c00000, 0x0000000088d00000|  0%| F|  |TAMS 0x0000000088c00000, 0x0000000088c00000| Untracked 
| 107|0x0000000088d00000, 0x0000000088d00000, 0x0000000088e00000|  0%| F|  |TAMS 0x0000000088d00000, 0x0000000088d00000| Untracked 
| 108|0x0000000088e00000, 0x0000000088e00000, 0x0000000088f00000|  0%| F|  |TAMS 0x0000000088e00000, 0x0000000088e00000| Untracked 
| 109|0x0000000088f00000, 0x0000000088f00000, 0x0000000089000000|  0%| F|  |TAMS 0x0000000088f00000, 0x0000000088f00000| Untracked 
| 110|0x0000000089000000, 0x0000000089000000, 0x0000000089100000|  0%| F|  |TAMS 0x0000000089000000, 0x0000000089000000| Untracked 
| 111|0x0000000089100000, 0x0000000089100000, 0x0000000089200000|  0%| F|  |TAMS 0x0000000089100000, 0x0000000089100000| Untracked 
| 112|0x0000000089200000, 0x0000000089200000, 0x0000000089300000|  0%| F|  |TAMS 0x0000000089200000, 0x0000000089200000| Untracked 
| 113|0x0000000089300000, 0x0000000089300000, 0x0000000089400000|  0%| F|  |TAMS 0x0000000089300000, 0x0000000089300000| Untracked 
| 114|0x0000000089400000, 0x0000000089400000, 0x0000000089500000|  0%| F|  |TAMS 0x0000000089400000, 0x0000000089400000| Untracked 
| 115|0x0000000089500000, 0x0000000089500000, 0x0000000089600000|  0%| F|  |TAMS 0x0000000089500000, 0x0000000089500000| Untracked 
| 116|0x0000000089600000, 0x0000000089600000, 0x0000000089700000|  0%| F|  |TAMS 0x0000000089600000, 0x0000000089600000| Untracked 
| 117|0x0000000089700000, 0x0000000089700000, 0x0000000089800000|  0%| F|  |TAMS 0x0000000089700000, 0x0000000089700000| Untracked 
| 118|0x0000000089800000, 0x0000000089800000, 0x0000000089900000|  0%| F|  |TAMS 0x0000000089800000, 0x0000000089800000| Untracked 
| 119|0x0000000089900000, 0x0000000089900000, 0x0000000089a00000|  0%| F|  |TAMS 0x0000000089900000, 0x0000000089900000| Untracked 
| 120|0x0000000089a00000, 0x0000000089a43f28, 0x0000000089b00000| 26%| E|  |TAMS 0x0000000089a00000, 0x0000000089a00000| Complete 
| 121|0x0000000089b00000, 0x0000000089c00000, 0x0000000089c00000|100%| E|CS|TAMS 0x0000000089b00000, 0x0000000089b00000| Complete 
| 122|0x0000000089c00000, 0x0000000089d00000, 0x0000000089d00000|100%| E|CS|TAMS 0x0000000089c00000, 0x0000000089c00000| Complete 
| 123|0x0000000089d00000, 0x0000000089e00000, 0x0000000089e00000|100%| E|CS|TAMS 0x0000000089d00000, 0x0000000089d00000| Complete 
| 124|0x0000000089e00000, 0x0000000089f00000, 0x0000000089f00000|100%| E|CS|TAMS 0x0000000089e00000, 0x0000000089e00000| Complete 
| 125|0x0000000089f00000, 0x000000008a000000, 0x000000008a000000|100%| E|CS|TAMS 0x0000000089f00000, 0x0000000089f00000| Complete 

Card table byte_map: [0x000001bd7db90000,0x000001bd7df80000] _byte_map_base: 0x000001bd7d77f000

Marking Bits (Prev, Next): (CMBitMap*) 0x000001bd7d726180, (CMBitMap*) 0x000001bd7d7261c0
 Prev Bits: [0x000001bd125f0000, 0x000001bd14568000)
 Next Bits: [0x000001bd14570000, 0x000001bd164e8000)

Polling page: 0x000001bd7b4d0000

Metaspace:

Usage:
  Non-class:      7.94 MB used.
      Class:    843.80 KB used.
       Both:      8.77 MB used.

Virtual space:
  Non-class space:       16.00 MB reserved,       8.00 MB ( 50%) committed,  2 nodes.
      Class space:        1.00 GB reserved,     896.00 KB ( <1%) committed,  1 nodes.
             Both:        1.02 GB reserved,       8.88 MB ( <1%) committed. 

Chunk freelists:
   Non-Class:  3.95 MB
       Class:  3.13 MB
        Both:  7.08 MB

MaxMetaspaceSize: unlimited
CompressedClassSpaceSize: 1.00 GB
Initial GC threshold: 21.00 MB
Current GC threshold: 21.00 MB
CDS: off
MetaspaceReclaimPolicy: balanced
 - commit_granule_bytes: 65536.
 - commit_granule_words: 8192.
 - virtual_space_node_default_size: 1048576.
 - enlarge_chunks_in_place: 1.
 - new_chunks_are_fully_committed: 0.
 - uncommit_free_chunks: 1.
 - use_allocation_guard: 0.
 - handle_deallocations: 1.


Internal statistics:

num_allocs_failed_limit: 0.
num_arena_births: 18.
num_arena_deaths: 0.
num_vsnodes_births: 3.
num_vsnodes_deaths: 0.
num_space_committed: 142.
num_space_uncommitted: 0.
num_chunks_returned_to_freelist: 0.
num_chunks_taken_from_freelist: 75.
num_chunk_merges: 0.
num_chunk_splits: 38.
num_chunks_enlarged: 29.
num_purges: 0.
num_inconsistent_stats: 0.

CodeHeap 'non-profiled nmethods': size=120000Kb used=109Kb max_used=109Kb free=119890Kb
 bounds [0x000001bd0b0c0000, 0x000001bd0b330000, 0x000001bd125f0000]
CodeHeap 'profiled nmethods': size=120000Kb used=479Kb max_used=479Kb free=119521Kb
 bounds [0x000001bd035f0000, 0x000001bd03860000, 0x000001bd0ab20000]
CodeHeap 'non-nmethods': size=5760Kb used=1137Kb max_used=1152Kb free=4623Kb
 bounds [0x000001bd0ab20000, 0x000001bd0ad90000, 0x000001bd0b0c0000]
 total_blobs=774 nmethods=350 adapters=337
 compilation: enabled
              stopped_count=0, restarted_count=0
 full_count=0

Compilation events (20 events):
Event: 0.293 Thread 0x000001bd7f428a60  341       3       java.lang.StringLatin1::indexOf (25 bytes)
Event: 0.293 Thread 0x000001bd7f428a60 nmethod 341 0x000001bd03665d10 code [0x000001bd03665ec0, 0x000001bd036660c8]
Event: 0.293 Thread 0x000001bd7f41a330  342       4       jdk.internal.misc.Unsafe::putReferenceRelease (9 bytes)
Event: 0.293 Thread 0x000001bd7f428a60  344       3       java.util.WeakHashMap::getTable (9 bytes)
Event: 0.294 Thread 0x000001bd7f428a60 nmethod 344 0x000001bd03666190 code [0x000001bd03666320, 0x000001bd03666468]
Event: 0.294 Thread 0x000001bd7f428a60  345   !   3       java.util.WeakHashMap::expungeStaleEntries (139 bytes)
Event: 0.294 Thread 0x000001bd7f428a60 nmethod 345 0x000001bd03666510 code [0x000001bd03666720, 0x000001bd036670e8]
Event: 0.294 Thread 0x000001bd7f428a60  346       3       java.util.WeakHashMap::indexFor (6 bytes)
Event: 0.294 Thread 0x000001bd7f428a60 nmethod 346 0x000001bd03667590 code [0x000001bd03667720, 0x000001bd03667818]
Event: 0.294 Thread 0x000001bd7f428a60  343       3       java.util.ArrayDeque::inc (12 bytes)
Event: 0.294 Thread 0x000001bd7f428a60 nmethod 343 0x000001bd03667890 code [0x000001bd03667a20, 0x000001bd03667b58]
Event: 0.294 Thread 0x000001bd7f41a330 nmethod 342 0x000001bd0b0d9f10 code [0x000001bd0b0da080, 0x000001bd0b0da1d8]
Event: 0.294 Thread 0x000001bd7f41a330  347       4       java.lang.StringLatin1::indexOf (121 bytes)
Event: 0.294 Thread 0x000001bd7f428a60  348       1       java.net.URLStreamHandler::getDefaultPort (2 bytes)
Event: 0.294 Thread 0x000001bd7f428a60 nmethod 348 0x000001bd0b0da290 code [0x000001bd0b0da420, 0x000001bd0b0da4f8]
Event: 0.295 Thread 0x000001bd7f428a60  349       1       java.nio.HeapByteBuffer::isDirect (2 bytes)
Event: 0.295 Thread 0x000001bd7f428a60 nmethod 349 0x000001bd0b0da590 code [0x000001bd0b0da720, 0x000001bd0b0da7f8]
Event: 0.295 Thread 0x000001bd7f428a60  350       3       java.net.URLStreamHandler::parseURL (1201 bytes)
Event: 0.301 Thread 0x000001bd7f41a330 nmethod 347 0x000001bd0b0da890 code [0x000001bd0b0daa20, 0x000001bd0b0daf58]
Event: 0.301 Thread 0x000001bd7d6cc840  360       4       java.lang.StringLatin1::replace (198 bytes)

GC Heap History (0 events):
No events

Dll operation events (5 events):
Event: 0.008 Loaded shared library C:\Users\.net 1\.p2\pool\plugins\org.eclipse.justj.openjdk.hotspot.jre.full.win32.x86_64_17.0.6.v20230204-1729\jre\bin\java.dll
Event: 0.109 Loaded shared library C:\Users\.net 1\.p2\pool\plugins\org.eclipse.justj.openjdk.hotspot.jre.full.win32.x86_64_17.0.6.v20230204-1729\jre\bin\net.dll
Event: 0.111 Loaded shared library C:\Users\.net 1\.p2\pool\plugins\org.eclipse.justj.openjdk.hotspot.jre.full.win32.x86_64_17.0.6.v20230204-1729\jre\bin\nio.dll
Event: 0.117 Loaded shared library C:\Users\.net 1\.p2\pool\plugins\org.eclipse.justj.openjdk.hotspot.jre.full.win32.x86_64_17.0.6.v20230204-1729\jre\bin\zip.dll
Event: 0.195 Loaded shared library C:\Users\.net 1\.p2\pool\plugins\org.eclipse.justj.openjdk.hotspot.jre.full.win32.x86_64_17.0.6.v20230204-1729\jre\bin\jimage.dll

Deoptimization events (4 events):
Event: 0.253 Thread 0x000001bd7d6cba80 DEOPT PACKING pc=0x000001bd03607f67 sp=0x00000040d0cfa000
Event: 0.253 Thread 0x000001bd7d6cba80 DEOPT UNPACKING pc=0x000001bd0ab77143 sp=0x00000040d0cf9420 mode 0
Event: 0.285 Thread 0x000001bd7d6cba80 DEOPT PACKING pc=0x000001bd036072d1 sp=0x00000040d0cfe500
Event: 0.285 Thread 0x000001bd7d6cba80 DEOPT UNPACKING pc=0x000001bd0ab77143 sp=0x00000040d0cfd978 mode 0

Classes unloaded (0 events):
No events

Classes redefined (0 events):
No events

Internal exceptions (5 events):
Event: 0.200 Thread 0x000001bd7d6cba80 Exception <a 'java/lang/NoSuchMethodError'{0x0000000089d6b888}: 'int java.lang.invoke.DirectMethodHandle$Holder.invokeStaticInit(java.lang.Object, java.lang.Object)'> (0x0000000089d6b888) 
thrown [s\src\hotspot\share\interpreter\linkResolver.cpp, line 759]
Event: 0.262 Thread 0x000001bd7d6cba80 Exception <a 'java/lang/NoSuchMethodError'{0x0000000089c5e470}: 'java.lang.Object java.lang.invoke.DirectMethodHandle$Holder.invokeStaticInit(java.lang.Object)'> (0x0000000089c5e470) 
thrown [s\src\hotspot\share\interpreter\linkResolver.cpp, line 759]
Event: 0.272 Thread 0x000001bd7d6cba80 Exception <a 'java/lang/NoSuchMethodError'{0x0000000089c6e950}: 'void java.lang.invoke.DirectMethodHandle$Holder.invokeStatic(java.lang.Object, java.lang.Object)'> (0x0000000089c6e950) 
thrown [s\src\hotspot\share\interpreter\linkResolver.cpp, line 759]
Event: 0.280 Thread 0x000001bd7d6cba80 Exception <a 'java/net/SocketException'{0x0000000089c79ca0}: Socket is not connected: shutdown> (0x0000000089c79ca0) 
thrown [s\src\hotspot\share\prims\jni.cpp, line 535]
Event: 0.280 Thread 0x000001bd7d6cba80 Exception <a 'java/net/SocketException'{0x0000000089c7a318}: Socket is not connected: shutdown> (0x0000000089c7a318) 
thrown [s\src\hotspot\share\prims\jni.cpp, line 535]

VM Operations (4 events):
Event: 0.131 Executing VM operation: HandshakeAllThreads
Event: 0.131 Executing VM operation: HandshakeAllThreads done
Event: 0.267 Executing VM operation: HandshakeAllThreads
Event: 0.267 Executing VM operation: HandshakeAllThreads done

Events (20 events):
Event: 0.285 loading class java/util/concurrent/LinkedBlockingQueue$Node
Event: 0.285 loading class java/util/concurrent/LinkedBlockingQueue$Node done
Event: 0.285 loading class java/net/URL$2
Event: 0.285 loading class java/net/URL$2 done
Event: 0.285 loading class java/net/URL$1
Event: 0.285 loading class java/net/URL$1 done
Event: 0.285 loading class java/net/spi/URLStreamHandlerProvider
Event: 0.286 loading class java/net/spi/URLStreamHandlerProvider done
Event: 0.286 loading class sun/net/www/protocol/http/Handler
Event: 0.286 loading class sun/net/www/protocol/http/Handler done
Event: 0.292 loading class java/util/stream/ReferencePipeline$2
Event: 0.292 loading class java/util/stream/ReferencePipeline$2 done
Event: 0.292 loading class java/util/stream/ReferencePipeline$2$1
Event: 0.292 loading class java/util/stream/ReferencePipeline$2$1 done
Event: 0.294 loading class java/net/URISyntaxException
Event: 0.294 loading class java/net/URISyntaxException done
Event: 0.295 loading class java/util/concurrent/atomic/AtomicReference
Event: 0.295 loading class java/util/concurrent/atomic/AtomicReference done
Event: 0.304 loading class java/util/concurrent/Future
Event: 0.304 loading class java/util/concurrent/Future done


Dynamic libraries:
0x00007ff6bd730000 - 0x00007ff6bd73e000 	C:\Users\.net 1\.p2\pool\plugins\org.eclipse.justj.openjdk.hotspot.jre.full.win32.x86_64_17.0.6.v20230204-1729\jre\bin\javaw.exe
0x00007ffb102b0000 - 0x00007ffb104a8000 	C:\WINDOWS\SYSTEM32\ntdll.dll
0x00007ffb0f450000 - 0x00007ffb0f50f000 	C:\WINDOWS\System32\KERNEL32.DLL
0x00007ffb0de40000 - 0x00007ffb0e112000 	C:\WINDOWS\System32\KERNELBASE.dll
0x00007ffb0dca0000 - 0x00007ffb0dda0000 	C:\WINDOWS\System32\ucrtbase.dll
0x00007ffaea130000 - 0x00007ffaea149000 	C:\Users\.net 1\.p2\pool\plugins\org.eclipse.justj.openjdk.hotspot.jre.full.win32.x86_64_17.0.6.v20230204-1729\jre\bin\VCRUNTIME140.dll
0x00007ffae7f70000 - 0x00007ffae7f87000 	C:\Users\.net 1\.p2\pool\plugins\org.eclipse.justj.openjdk.hotspot.jre.full.win32.x86_64_17.0.6.v20230204-1729\jre\bin\jli.dll
0x00007ffb100c0000 - 0x00007ffb10261000 	C:\WINDOWS\System32\USER32.dll
0x00007ffb0dc70000 - 0x00007ffb0dc92000 	C:\WINDOWS\System32\win32u.dll
0x00007ffb0f570000 - 0x00007ffb0f59b000 	C:\WINDOWS\System32\GDI32.dll
0x00007ffb0db60000 - 0x00007ffb0dc6f000 	C:\WINDOWS\System32\gdi32full.dll
0x00007ffb0dda0000 - 0x00007ffb0de3d000 	C:\WINDOWS\System32\msvcp_win.dll
0x00007ffaffa80000 - 0x00007ffaffd1a000 	C:\WINDOWS\WinSxS\amd64_microsoft.windows.common-controls_6595b64144ccf1df_6.0.19041.1110_none_60b5254171f9507e\COMCTL32.dll
0x00007ffb0f730000 - 0x00007ffb0f7ce000 	C:\WINDOWS\System32\msvcrt.dll
0x00007ffb0e5e0000 - 0x00007ffb0e610000 	C:\WINDOWS\System32\IMM32.DLL
0x00007ffb023f0000 - 0x00007ffb023fc000 	C:\Users\.net 1\.p2\pool\plugins\org.eclipse.justj.openjdk.hotspot.jre.full.win32.x86_64_17.0.6.v20230204-1729\jre\bin\vcruntime140_1.dll
0x00007ffae0ab0000 - 0x00007ffae0b41000 	C:\Users\.net 1\.p2\pool\plugins\org.eclipse.justj.openjdk.hotspot.jre.full.win32.x86_64_17.0.6.v20230204-1729\jre\bin\msvcp140.dll
0x00007ffa92d00000 - 0x00007ffa93947000 	C:\Users\.net 1\.p2\pool\plugins\org.eclipse.justj.openjdk.hotspot.jre.full.win32.x86_64_17.0.6.v20230204-1729\jre\bin\server\jvm.dll
0x00007ffb0fe40000 - 0x00007ffb0feee000 	C:\WINDOWS\System32\ADVAPI32.dll
0x00007ffb0f5a0000 - 0x00007ffb0f63c000 	C:\WINDOWS\System32\sechost.dll
0x00007ffb0f2b0000 - 0x00007ffb0f3d4000 	C:\WINDOWS\System32\RPCRT4.dll
0x00007ffb07870000 - 0x00007ffb07879000 	C:\WINDOWS\SYSTEM32\WSOCK32.dll
0x00007ffb0f3e0000 - 0x00007ffb0f44b000 	C:\WINDOWS\System32\WS2_32.dll
0x00007ffaf32b0000 - 0x00007ffaf32d7000 	C:\WINDOWS\SYSTEM32\WINMM.dll
0x00007ffb08ca0000 - 0x00007ffb08caa000 	C:\WINDOWS\SYSTEM32\VERSION.dll
0x00007ffb0c250000 - 0x00007ffb0c262000 	C:\WINDOWS\SYSTEM32\kernel.appcore.dll
0x00007ffb020d0000 - 0x00007ffb020da000 	C:\Users\.net 1\.p2\pool\plugins\org.eclipse.justj.openjdk.hotspot.jre.full.win32.x86_64_17.0.6.v20230204-1729\jre\bin\jimage.dll
0x00007ffb08190000 - 0x00007ffb08374000 	C:\WINDOWS\SYSTEM32\DBGHELP.DLL
0x00007ffb07d10000 - 0x00007ffb07d45000 	C:\WINDOWS\SYSTEM32\dbgcore.DLL
0x00007ffb0e200000 - 0x00007ffb0e282000 	C:\WINDOWS\System32\bcryptPrimitives.dll
0x00007ffaebc00000 - 0x00007ffaebc25000 	C:\Users\.net 1\.p2\pool\plugins\org.eclipse.justj.openjdk.hotspot.jre.full.win32.x86_64_17.0.6.v20230204-1729\jre\bin\java.dll
0x00007ffaea1a0000 - 0x00007ffaea1b8000 	C:\Users\.net 1\.p2\pool\plugins\org.eclipse.justj.openjdk.hotspot.jre.full.win32.x86_64_17.0.6.v20230204-1729\jre\bin\zip.dll
0x00007ffb0e610000 - 0x00007ffb0ed55000 	C:\WINDOWS\System32\SHELL32.dll
0x00007ffb0b900000 - 0x00007ffb0c092000 	C:\WINDOWS\SYSTEM32\windows.storage.dll
0x00007ffb0eeb0000 - 0x00007ffb0f205000 	C:\WINDOWS\System32\combase.dll
0x00007ffb0d330000 - 0x00007ffb0d360000 	C:\WINDOWS\SYSTEM32\Wldp.dll
0x00007ffb10010000 - 0x00007ffb100bd000 	C:\WINDOWS\System32\SHCORE.dll
0x00007ffb0f510000 - 0x00007ffb0f565000 	C:\WINDOWS\System32\shlwapi.dll
0x00007ffb0d8f0000 - 0x00007ffb0d90f000 	C:\WINDOWS\SYSTEM32\profapi.dll
0x00007ffae9310000 - 0x00007ffae9329000 	C:\Users\.net 1\.p2\pool\plugins\org.eclipse.justj.openjdk.hotspot.jre.full.win32.x86_64_17.0.6.v20230204-1729\jre\bin\net.dll
0x00007ffb08cd0000 - 0x00007ffb08dda000 	C:\WINDOWS\SYSTEM32\WINHTTP.dll
0x00007ffb0d090000 - 0x00007ffb0d0fa000 	C:\WINDOWS\system32\mswsock.dll
0x00007ffae78f0000 - 0x00007ffae7905000 	C:\Users\.net 1\.p2\pool\plugins\org.eclipse.justj.openjdk.hotspot.jre.full.win32.x86_64_17.0.6.v20230204-1729\jre\bin\nio.dll
0x00007ffb0cdc0000 - 0x00007ffb0ce8b000 	C:\WINDOWS\SYSTEM32\DNSAPI.dll
0x00007ffb0cd80000 - 0x00007ffb0cdbb000 	C:\WINDOWS\SYSTEM32\IPHLPAPI.DLL
0x00007ffb10000000 - 0x00007ffb10008000 	C:\WINDOWS\System32\NSI.dll
0x00007ffb06720000 - 0x00007ffb0672a000 	C:\Windows\System32\rasadhlp.dll
0x00007ffb05fd0000 - 0x00007ffb06050000 	C:\WINDOWS\System32\fwpuclnt.dll
0x00007ffb0e120000 - 0x00007ffb0e147000 	C:\WINDOWS\System32\bcrypt.dll

dbghelp: loaded successfully - version: 4.0.5 - missing functions: none
symbol engine: initialized successfully - sym options: 0x614 - pdb path: .;C:\Users\.net 1\.p2\pool\plugins\org.eclipse.justj.openjdk.hotspot.jre.full.win32.x86_64_17.0.6.v20230204-1729\jre\bin;C:\WINDOWS\SYSTEM32;C:\WINDOWS\WinSxS\amd64_microsoft.windows.common-controls_6595b64144ccf1df_6.0.19041.1110_none_60b5254171f9507e;C:\Users\.net 1\.p2\pool\plugins\org.eclipse.justj.openjdk.hotspot.jre.full.win32.x86_64_17.0.6.v20230204-1729\jre\bin\server

VM Arguments:
jvm_args: -Dfile.encoding=UTF-8 -XX:+ShowCodeDetailsInExceptionMessages 
java_command: assignment.Calender
java_class_path (initial): F:\selenium practice\selenium\bin;C:\Users\.net 1\.p2\pool\plugins\org.junit_4.13.2.v20211018-1956.jar;C:\Users\.net 1\.p2\pool\plugins\org.hamcrest.core_1.3.0.v20180420-1519.jar;F:\selenium\selenium-server-4.8.2.jar
Launcher Type: SUN_STANDARD

[Global flags]
     intx CICompilerCount                          = 3                                         {product} {ergonomic}
     uint ConcGCThreads                            = 1                                         {product} {ergonomic}
     uint G1ConcRefinementThreads                  = 4                                         {product} {ergonomic}
   size_t G1HeapRegionSize                         = 1048576                                   {product} {ergonomic}
    uintx GCDrainStackTargetSize                   = 64                                        {product} {ergonomic}
   size_t InitialHeapSize                          = 132120576                                 {product} {ergonomic}
   size_t MarkStackSize                            = 4194304                                   {product} {ergonomic}
   size_t MaxHeapSize                              = 2111832064                                {product} {ergonomic}
   size_t MaxNewSize                               = 1266679808                                {product} {ergonomic}
   size_t MinHeapDeltaBytes                        = 1048576                                   {product} {ergonomic}
   size_t MinHeapSize                              = 8388608                                   {product} {ergonomic}
    uintx NonNMethodCodeHeapSize                   = 5832780                                {pd product} {ergonomic}
    uintx NonProfiledCodeHeapSize                  = 122912730                              {pd product} {ergonomic}
    uintx ProfiledCodeHeapSize                     = 122912730                              {pd product} {ergonomic}
    uintx ReservedCodeCacheSize                    = 251658240                              {pd product} {ergonomic}
     bool SegmentedCodeCache                       = true                                      {product} {ergonomic}
     bool ShowCodeDetailsInExceptionMessages       = true                                   {manageable} {command line}
   size_t SoftMaxHeapSize                          = 2111832064                             {manageable} {ergonomic}
     bool UseCompressedClassPointers               = true                           {product lp64_product} {ergonomic}
     bool UseCompressedOops                        = true                           {product lp64_product} {ergonomic}
     bool UseG1GC                                  = true                                      {product} {ergonomic}
     bool UseLargePagesIndividualAllocation        = false                                  {pd product} {ergonomic}

Logging:
Log output configuration:
 #0: stdout all=warning uptime,level,tags
 #1: stderr all=off uptime,level,tags

Environment Variables:
PATH=C:/Users/.net 1/.p2/pool/plugins/org.eclipse.justj.openjdk.hotspot.jre.full.win32.x86_64_17.0.6.v20230204-1729/jre/bin/server;C:/Users/.net 1/.p2/pool/plugins/org.eclipse.justj.openjdk.hotspot.jre.full.win32.x86_64_17.0.6.v20230204-1729/jre/bin;C:\Program Files (x86)\Common Files\Oracle\Java\javapath;C:\WINDOWS\system32;C:\WINDOWS;C:\WINDOWS\System32\Wbem;C:\WINDOWS\System32\WindowsPowerShell\v1.0\;C:\WINDOWS\System32\OpenSSH\;C:\Program Files\Microsoft SQL Server\130\Tools\Binn\;C:\Program Files (x86)\Microsoft SQL Server\Client SDK\ODBC\130\Tools\Binn\;C:\Program Files (x86)\Microsoft SQL Server\140\Tools\Binn\;C:\Program Files (x86)\Microsoft SQL Server\140\DTS\Binn\;C:\Program Files (x86)\Microsoft SQL Server\140\Tools\Binn\ManagementStudio\;C:\Program Files\Git\cmd;C:\Program Files\Microsoft SQL Server\Client SDK\ODBC\170\Tools\Binn\;C:\Program Files (x86)\Microsoft SQL Server\150\DTS\Binn\;C:\Program Files\nodejs\;C:\Program Files\Azure Data Studio\bin;C:\Program Files (x86)\Microsoft SQL Server\150\Tools\Binn\;C:\Program Files\Microsoft SQL Server\150\Tools\Binn\;C:\Program Files\Microsoft SQL Server\150\DTS\Binn\;C:\Program Files (x86)\Microsoft SQL Server\110\DTS\Binn\;C:\Program Files (x86)\Microsoft SQL Server\120\DTS\Binn\;C:\Program Files (x86)\Microsoft SQL Server\130\DTS\Binn\;C:\Program Files (x86)\Microsoft SQL Server\160\DTS\Binn\;C:\Program Files\MySQL\MySQL Shell 8.0\bin\;C:\Users\.net 1\AppData\Local\Microsoft\WindowsApps;C:\Users\.net 1\AppData\Local\Android\Sdk\platform-tools;;C:\Users\.net 1\.dotnet\tools;C:\Users\.net 1\AppData\Local\Microsoft\WindowsApps;C:\Users\.net 1\AppData\Roaming\npm;C:\Users\.net 1\AppData\Local\Programs\Microsoft VS Code\bin;C:\Program Files\Azure Data Studio\bin;C:\Users\.net 1\.dotnet\tools;C:\Users\.net 1\OneDrive\Desktop;
USERNAME=.net 1
OS=Windows_NT
PROCESSOR_IDENTIFIER=Intel64 Family 6 Model 158 Stepping 11, GenuineIntel
TMP=C:\Users\NET1~1\AppData\Local\Temp
TEMP=C:\Users\NET1~1\AppData\Local\Temp



---------------  S Y S T E M  ---------------

OS:
 Windows 10 , 64 bit Build 19041 (10.0.19041.2546)
OS uptime: 10 days 21:57 hours

CPU: total 4 (initial active 4) (4 cores per cpu, 1 threads per core) family 6 model 158 stepping 11 microcode 0xb4, cx8, cmov, fxsr, mmx, 3dnowpref, sse, sse2, sse3, ssse3, sse4.1, sse4.2, popcnt, lzcnt, tsc, tscinvbit, avx, avx2, aes, erms, clmul, bmi1, bmi2, adx, fma, vzeroupper, clflush, clflushopt

Memory: 4k page, system-wide physical 8053M (1088M free)
TotalPageFile size 11463M (AvailPageFile size 2M)
current process WorkingSet (physical memory assigned to process): 50M, peak: 50M
current process commit charge ("private bytes"): 204M, peak: 204M

vm_info: OpenJDK 64-Bit Server VM (17.0.6+10) for windows-amd64 JRE (17.0.6+10), built on Jan 18 2023 10:08:59 by "temurin" with MS VC++ 16.7 (VS2019)

END.
